mode: set
jwks-server/main.go:30.21,33.16 3 1
jwks-server/main.go:33.16,35.3 1 0
jwks-server/main.go:38.2,45.12 2 1
jwks-server/main.go:49.38,62.13 5 1
jwks-server/main.go:62.13,64.3 1 1
jwks-server/main.go:67.2,68.12 2 1
jwks-server/main.go:72.58,73.32 1 1
jwks-server/main.go:73.32,76.3 2 1
jwks-server/main.go:78.2,84.16 3 1
jwks-server/main.go:84.16,87.3 2 0
jwks-server/main.go:88.2,90.18 2 1
jwks-server/main.go:90.18,93.50 3 1
jwks-server/main.go:93.50,94.12 1 0
jwks-server/main.go:98.3,100.17 3 1
jwks-server/main.go:100.17,101.12 1 0
jwks-server/main.go:105.3,112.5 1 1
jwks-server/main.go:115.2,116.33 2 1
jwks-server/main.go:120.58,121.33 1 1
jwks-server/main.go:121.33,124.3 2 1
jwks-server/main.go:126.2,130.17 3 1
jwks-server/main.go:130.17,132.3 1 1
jwks-server/main.go:132.8,134.3 1 1
jwks-server/main.go:136.2,140.16 5 1
jwks-server/main.go:140.16,143.3 2 0
jwks-server/main.go:146.2,148.16 3 1
jwks-server/main.go:148.16,151.3 2 0
jwks-server/main.go:154.2,160.16 4 1
jwks-server/main.go:160.16,163.3 2 0
jwks-server/main.go:166.2,174.37 4 1
jwks-server/main.go:177.13,180.33 2 0
jwks-server/main.go:180.33,183.3 2 0
jwks-server/main.go:184.2,187.43 2 0
jwks-server/main.go:187.43,190.3 2 0
jwks-server/main.go:191.2,193.42 2 0
jwks-server/main.go:193.42,196.3 2 0
jwks-server/main.go:197.2,205.58 6 0
jwks-server/main.go:205.58,207.3 1 0
