mode: set
jwks-server/main.go:27.32,30.13 3 1
jwks-server/main.go:30.13,32.3 1 1
jwks-server/main.go:33.2,37.4 1 1
jwks-server/main.go:41.58,42.32 1 1
jwks-server/main.go:42.32,45.3 2 1
jwks-server/main.go:47.2,61.27 3 1
jwks-server/main.go:61.27,62.35 1 1
jwks-server/main.go:62.35,71.4 1 1
jwks-server/main.go:74.2,75.33 2 1
jwks-server/main.go:79.58,80.33 1 1
jwks-server/main.go:80.33,83.3 2 1
jwks-server/main.go:85.2,88.38 4 1
jwks-server/main.go:88.38,89.111 1 1
jwks-server/main.go:89.111,92.9 3 1
jwks-server/main.go:96.2,96.15 1 1
jwks-server/main.go:96.15,99.3 2 0
jwks-server/main.go:102.2,108.16 4 1
jwks-server/main.go:108.16,111.3 2 0
jwks-server/main.go:113.2,115.30 3 1
jwks-server/main.go:117.13,126.2 6 1
